The system is: Darwin - 18.7.0 - x86_64
Compiling the CXX compiler identification source file "CMakeCXXCompilerId.cpp" succeeded.
Compiler: /opt/anaconda3/envs/altar/bin/x86_64-apple-darwin13.4.0-clang++ 
Build flags: -march=core2;-mtune=haswell;-mssse3;-ftree-vectorize;-fPIC;-fPIE;-fstack-protector-strong;-O2;-pipe;-stdlib=libc++;-fvisibility-inlines-hidden;-std=c++14;-fmessage-length=0;-isystem;/opt/anaconda3/envs/altar/include
Id flags:  

The output was:
0


Compilation of the CXX compiler identification source "CMakeCXXCompilerId.cpp" produced "a.out"

The CXX compiler identification is Clang, found in "/Users/bato/tools/altar/build/CMakeFiles/3.16.4/CompilerIdCXX/a.out"

Determining if the CXX compiler works passed with the following output:
Change Dir: /Users/bato/tools/altar/build/CMakeFiles/CMakeTmp

Run Build Command(s):/opt/anaconda3/envs/altar/bin/make cmTC_91998/fast && /opt/anaconda3/envs/altar/bin/make -f CMakeFiles/cmTC_91998.dir/build.make CMakeFiles/cmTC_91998.dir/build
make[1]: Entering directory '/Users/bato/tools/altar/build/CMakeFiles/CMakeTmp'
Building CXX object CMakeFiles/cmTC_91998.dir/testCXXCompiler.cxx.o
/opt/anaconda3/envs/altar/bin/x86_64-apple-darwin13.4.0-clang++    -march=core2 -mtune=haswell -mssse3 -ftree-vectorize -fPIC -fPIE -fstack-protector-strong -O2 -pipe -stdlib=libc++ -fvisibility-inlines-hidden -std=c++14 -fmessage-length=0 -isystem /opt/anaconda3/envs/altar/include  -isysroot /Applications/Xcode.app/Contents/Developer/Platforms/MacOSX.platform/Developer/SDKs/MacOSX10.15.sdk -mmacosx-version-min=10.14   -o CMakeFiles/cmTC_91998.dir/testCXXCompiler.cxx.o -c /Users/bato/tools/altar/build/CMakeFiles/CMakeTmp/testCXXCompiler.cxx
Linking CXX executable cmTC_91998
/opt/anaconda3/envs/altar/bin/cmake -E cmake_link_script CMakeFiles/cmTC_91998.dir/link.txt --verbose=1
/opt/anaconda3/envs/altar/bin/x86_64-apple-darwin13.4.0-clang++  -march=core2 -mtune=haswell -mssse3 -ftree-vectorize -fPIC -fPIE -fstack-protector-strong -O2 -pipe -stdlib=libc++ -fvisibility-inlines-hidden -std=c++14 -fmessage-length=0 -isystem /opt/anaconda3/envs/altar/include  -isysroot /Applications/Xcode.app/Contents/Developer/Platforms/MacOSX.platform/Developer/SDKs/MacOSX10.15.sdk -mmacosx-version-min=10.14 -Wl,-search_paths_first -Wl,-headerpad_max_install_names -Wl,-rpath,/opt/anaconda3/envs/altar/lib -L/opt/anaconda3/envs/altar/lib  CMakeFiles/cmTC_91998.dir/testCXXCompiler.cxx.o  -o cmTC_91998 
make[1]: Leaving directory '/Users/bato/tools/altar/build/CMakeFiles/CMakeTmp'



Detecting CXX compiler ABI info compiled with the following output:
Change Dir: /Users/bato/tools/altar/build/CMakeFiles/CMakeTmp

Run Build Command(s):/opt/anaconda3/envs/altar/bin/make cmTC_22be3/fast && /opt/anaconda3/envs/altar/bin/make -f CMakeFiles/cmTC_22be3.dir/build.make CMakeFiles/cmTC_22be3.dir/build
make[1]: Entering directory '/Users/bato/tools/altar/build/CMakeFiles/CMakeTmp'
Building CXX object CMakeFiles/cmTC_22be3.dir/CMakeCXXCompilerABI.cpp.o
/opt/anaconda3/envs/altar/bin/x86_64-apple-darwin13.4.0-clang++    -march=core2 -mtune=haswell -mssse3 -ftree-vectorize -fPIC -fPIE -fstack-protector-strong -O2 -pipe -stdlib=libc++ -fvisibility-inlines-hidden -std=c++14 -fmessage-length=0 -isystem /opt/anaconda3/envs/altar/include  -isysroot /Applications/Xcode.app/Contents/Developer/Platforms/MacOSX.platform/Developer/SDKs/MacOSX10.15.sdk -mmacosx-version-min=10.14   -v -Wl,-v -o CMakeFiles/cmTC_22be3.dir/CMakeCXXCompilerABI.cpp.o -c /opt/anaconda3/envs/altar/share/cmake-3.16/Modules/CMakeCXXCompilerABI.cpp
clang version 9.0.1 
Target: x86_64-apple-darwin13.4.0
Thread model: posix
InstalledDir: /opt/anaconda3/envs/altar/bin
clang-9: warning: -Wl,-v: 'linker' input unused [-Wunused-command-line-argument]
 "/opt/anaconda3/envs/altar/bin/clang-9" -cc1 -triple x86_64-apple-macosx10.14.0 -Wdeprecated-objc-isa-usage -Werror=deprecated-objc-isa-usage -emit-obj -disable-free -disable-llvm-verifier -discard-value-names -main-file-name CMakeCXXCompilerABI.cpp -mrelocation-model pic -pic-level 2 -mthread-model posix -mdisable-fp-elim -masm-verbose -munwind-tables -target-sdk-version=10.15 -target-cpu core2 -target-feature +ssse3 -dwarf-column-info -debugger-tuning=lldb -ggnu-pubnames -target-linker-version 409.12 -v -coverage-notes-file /Users/bato/tools/altar/build/CMakeFiles/CMakeTmp/CMakeFiles/cmTC_22be3.dir/CMakeCXXCompilerABI.cpp.gcno -resource-dir /opt/anaconda3/envs/altar/lib/clang/9.0.1 -isystem /opt/anaconda3/envs/altar/include -isysroot /Applications/Xcode.app/Contents/Developer/Platforms/MacOSX.platform/Developer/SDKs/MacOSX10.15.sdk -stdlib=libc++ -internal-isystem /opt/anaconda3/envs/altar/bin/../include/c++/v1 -internal-isystem /Applications/Xcode.app/Contents/Developer/Platforms/MacOSX.platform/Developer/SDKs/MacOSX10.15.sdk/usr/include/c++/v1 -internal-isystem /Applications/Xcode.app/Contents/Developer/Platforms/MacOSX.platform/Developer/SDKs/MacOSX10.15.sdk/usr/local/include -internal-isystem /opt/anaconda3/envs/altar/lib/clang/9.0.1/include -internal-externc-isystem /Applications/Xcode.app/Contents/Developer/Platforms/MacOSX.platform/Developer/SDKs/MacOSX10.15.sdk/usr/include -O2 -std=c++14 -fdeprecated-macro -fdebug-compilation-dir /Users/bato/tools/altar/build/CMakeFiles/CMakeTmp -ferror-limit 19 -fmessage-length 0 -fvisibility-inlines-hidden -stack-protector 2 -fblocks -fencode-extended-block-signature -fregister-global-dtors-with-atexit -fobjc-runtime=macosx-10.14.0 -fcxx-exceptions -fexceptions -fmax-type-align=16 -fdiagnostics-show-option -vectorize-loops -vectorize-slp -o CMakeFiles/cmTC_22be3.dir/CMakeCXXCompilerABI.cpp.o -x c++ /opt/anaconda3/envs/altar/share/cmake-3.16/Modules/CMakeCXXCompilerABI.cpp
clang -cc1 version 9.0.1 based upon LLVM 9.0.1 default target x86_64-apple-darwin18.7.0
ignoring nonexistent directory "/Applications/Xcode.app/Contents/Developer/Platforms/MacOSX.platform/Developer/SDKs/MacOSX10.15.sdk/usr/include/c++/v1"
ignoring nonexistent directory "/Applications/Xcode.app/Contents/Developer/Platforms/MacOSX.platform/Developer/SDKs/MacOSX10.15.sdk/usr/local/include"
ignoring nonexistent directory "/Applications/Xcode.app/Contents/Developer/Platforms/MacOSX.platform/Developer/SDKs/MacOSX10.15.sdk/Library/Frameworks"
#include "..." search starts here:
#include <...> search starts here:
 /opt/anaconda3/envs/altar/include
 /opt/anaconda3/envs/altar/bin/../include/c++/v1
 /opt/anaconda3/envs/altar/lib/clang/9.0.1/include
 /Applications/Xcode.app/Contents/Developer/Platforms/MacOSX.platform/Developer/SDKs/MacOSX10.15.sdk/usr/include
 /Applications/Xcode.app/Contents/Developer/Platforms/MacOSX.platform/Developer/SDKs/MacOSX10.15.sdk/System/Library/Frameworks (framework directory)
End of search list.
Linking CXX executable cmTC_22be3
/opt/anaconda3/envs/altar/bin/cmake -E cmake_link_script CMakeFiles/cmTC_22be3.dir/link.txt --verbose=1
/opt/anaconda3/envs/altar/bin/x86_64-apple-darwin13.4.0-clang++  -march=core2 -mtune=haswell -mssse3 -ftree-vectorize -fPIC -fPIE -fstack-protector-strong -O2 -pipe -stdlib=libc++ -fvisibility-inlines-hidden -std=c++14 -fmessage-length=0 -isystem /opt/anaconda3/envs/altar/include  -isysroot /Applications/Xcode.app/Contents/Developer/Platforms/MacOSX.platform/Developer/SDKs/MacOSX10.15.sdk -mmacosx-version-min=10.14 -Wl,-search_paths_first -Wl,-headerpad_max_install_names -Wl,-rpath,/opt/anaconda3/envs/altar/lib -L/opt/anaconda3/envs/altar/lib -v -Wl,-v CMakeFiles/cmTC_22be3.dir/CMakeCXXCompilerABI.cpp.o  -o cmTC_22be3 
clang version 9.0.1 
Target: x86_64-apple-darwin13.4.0
Thread model: posix
InstalledDir: /opt/anaconda3/envs/altar/bin
 "/opt/anaconda3/envs/altar/bin/x86_64-apple-darwin13.4.0-ld" -demangle -lto_library /opt/anaconda3/envs/altar/lib/libLTO.9.dylib -dynamic -arch x86_64 -macosx_version_min 10.14.0 -pie -syslibroot /Library/Developer/CommandLineTools/SDKs/MacOSX.sdk -o cmTC_22be3 -L/opt/anaconda3/envs/altar/lib -search_paths_first -headerpad_max_install_names -rpath /opt/anaconda3/envs/altar/lib -v CMakeFiles/cmTC_22be3.dir/CMakeCXXCompilerABI.cpp.o -lc++ -lSystem /opt/anaconda3/envs/altar/lib/clang/9.0.1/lib/darwin/libclang_rt.osx.a
@(#)PROGRAM:ld  PROJECT:ld64-450.3
BUILD 23:46:44 Jan 25 2020
configured to support archs: armv6 armv7 armv7s arm64 arm64e arm64_32 i386 x86_64 x86_64h armv6m armv7k armv7m armv7em (tvOS)
Library search paths:
	/opt/anaconda3/envs/altar/lib
	/opt/anaconda3/envs/altar/lib
	/Library/Developer/CommandLineTools/SDKs/MacOSX.sdk/usr/lib
Framework search paths:
	/Library/Developer/CommandLineTools/SDKs/MacOSX.sdk/System/Library/Frameworks/
make[1]: Leaving directory '/Users/bato/tools/altar/build/CMakeFiles/CMakeTmp'



Parsed CXX implicit include dir info from above output: rv=done
  found start of include info
  found start of implicit include info
    add: [/opt/anaconda3/envs/altar/include]
    add: [/opt/anaconda3/envs/altar/bin/../include/c++/v1]
    add: [/opt/anaconda3/envs/altar/lib/clang/9.0.1/include]
    add: [/Applications/Xcode.app/Contents/Developer/Platforms/MacOSX.platform/Developer/SDKs/MacOSX10.15.sdk/usr/include]
  end of search list found
  collapse include dir [/opt/anaconda3/envs/altar/include] ==> [/opt/anaconda3/envs/altar/include]
  collapse include dir [/opt/anaconda3/envs/altar/bin/../include/c++/v1] ==> [/opt/anaconda3/envs/altar/include/c++/v1]
  collapse include dir [/opt/anaconda3/envs/altar/lib/clang/9.0.1/include] ==> [/opt/anaconda3/envs/altar/lib/clang/9.0.1/include]
  collapse include dir [/Applications/Xcode.app/Contents/Developer/Platforms/MacOSX.platform/Developer/SDKs/MacOSX10.15.sdk/usr/include] ==> [/Applications/Xcode.app/Contents/Developer/Platforms/MacOSX.platform/Developer/SDKs/MacOSX10.15.sdk/usr/include]
  implicit include dirs: [/opt/anaconda3/envs/altar/include;/opt/anaconda3/envs/altar/include/c++/v1;/opt/anaconda3/envs/altar/lib/clang/9.0.1/include;/Applications/Xcode.app/Contents/Developer/Platforms/MacOSX.platform/Developer/SDKs/MacOSX10.15.sdk/usr/include]


Parsed CXX implicit link information from above output:
  link line regex: [^( *|.*[/\])(ld|CMAKE_LINK_STARTFILE-NOTFOUND|([^/\]+-)?ld|collect2)[^/\]*( |$)]
  ignore line: [Change Dir: /Users/bato/tools/altar/build/CMakeFiles/CMakeTmp]
  ignore line: []
  ignore line: [Run Build Command(s):/opt/anaconda3/envs/altar/bin/make cmTC_22be3/fast && /opt/anaconda3/envs/altar/bin/make -f CMakeFiles/cmTC_22be3.dir/build.make CMakeFiles/cmTC_22be3.dir/build]
  ignore line: [make[1]: Entering directory '/Users/bato/tools/altar/build/CMakeFiles/CMakeTmp']
  ignore line: [Building CXX object CMakeFiles/cmTC_22be3.dir/CMakeCXXCompilerABI.cpp.o]
  ignore line: [/opt/anaconda3/envs/altar/bin/x86_64-apple-darwin13.4.0-clang++    -march=core2 -mtune=haswell -mssse3 -ftree-vectorize -fPIC -fPIE -fstack-protector-strong -O2 -pipe -stdlib=libc++ -fvisibility-inlines-hidden -std=c++14 -fmessage-length=0 -isystem /opt/anaconda3/envs/altar/include  -isysroot /Applications/Xcode.app/Contents/Developer/Platforms/MacOSX.platform/Developer/SDKs/MacOSX10.15.sdk -mmacosx-version-min=10.14   -v -Wl -v -o CMakeFiles/cmTC_22be3.dir/CMakeCXXCompilerABI.cpp.o -c /opt/anaconda3/envs/altar/share/cmake-3.16/Modules/CMakeCXXCompilerABI.cpp]
  ignore line: [clang version 9.0.1 ]
  ignore line: [Target: x86_64-apple-darwin13.4.0]
  ignore line: [Thread model: posix]
  ignore line: [InstalledDir: /opt/anaconda3/envs/altar/bin]
  ignore line: [clang-9: warning: -Wl -v: 'linker' input unused [-Wunused-command-line-argument]]
  ignore line: [ "/opt/anaconda3/envs/altar/bin/clang-9" -cc1 -triple x86_64-apple-macosx10.14.0 -Wdeprecated-objc-isa-usage -Werror=deprecated-objc-isa-usage -emit-obj -disable-free -disable-llvm-verifier -discard-value-names -main-file-name CMakeCXXCompilerABI.cpp -mrelocation-model pic -pic-level 2 -mthread-model posix -mdisable-fp-elim -masm-verbose -munwind-tables -target-sdk-version=10.15 -target-cpu core2 -target-feature +ssse3 -dwarf-column-info -debugger-tuning=lldb -ggnu-pubnames -target-linker-version 409.12 -v -coverage-notes-file /Users/bato/tools/altar/build/CMakeFiles/CMakeTmp/CMakeFiles/cmTC_22be3.dir/CMakeCXXCompilerABI.cpp.gcno -resource-dir /opt/anaconda3/envs/altar/lib/clang/9.0.1 -isystem /opt/anaconda3/envs/altar/include -isysroot /Applications/Xcode.app/Contents/Developer/Platforms/MacOSX.platform/Developer/SDKs/MacOSX10.15.sdk -stdlib=libc++ -internal-isystem /opt/anaconda3/envs/altar/bin/../include/c++/v1 -internal-isystem /Applications/Xcode.app/Contents/Developer/Platforms/MacOSX.platform/Developer/SDKs/MacOSX10.15.sdk/usr/include/c++/v1 -internal-isystem /Applications/Xcode.app/Contents/Developer/Platforms/MacOSX.platform/Developer/SDKs/MacOSX10.15.sdk/usr/local/include -internal-isystem /opt/anaconda3/envs/altar/lib/clang/9.0.1/include -internal-externc-isystem /Applications/Xcode.app/Contents/Developer/Platforms/MacOSX.platform/Developer/SDKs/MacOSX10.15.sdk/usr/include -O2 -std=c++14 -fdeprecated-macro -fdebug-compilation-dir /Users/bato/tools/altar/build/CMakeFiles/CMakeTmp -ferror-limit 19 -fmessage-length 0 -fvisibility-inlines-hidden -stack-protector 2 -fblocks -fencode-extended-block-signature -fregister-global-dtors-with-atexit -fobjc-runtime=macosx-10.14.0 -fcxx-exceptions -fexceptions -fmax-type-align=16 -fdiagnostics-show-option -vectorize-loops -vectorize-slp -o CMakeFiles/cmTC_22be3.dir/CMakeCXXCompilerABI.cpp.o -x c++ /opt/anaconda3/envs/altar/share/cmake-3.16/Modules/CMakeCXXCompilerABI.cpp]
  ignore line: [clang -cc1 version 9.0.1 based upon LLVM 9.0.1 default target x86_64-apple-darwin18.7.0]
  ignore line: [ignoring nonexistent directory "/Applications/Xcode.app/Contents/Developer/Platforms/MacOSX.platform/Developer/SDKs/MacOSX10.15.sdk/usr/include/c++/v1"]
  ignore line: [ignoring nonexistent directory "/Applications/Xcode.app/Contents/Developer/Platforms/MacOSX.platform/Developer/SDKs/MacOSX10.15.sdk/usr/local/include"]
  ignore line: [ignoring nonexistent directory "/Applications/Xcode.app/Contents/Developer/Platforms/MacOSX.platform/Developer/SDKs/MacOSX10.15.sdk/Library/Frameworks"]
  ignore line: [#include "..." search starts here:]
  ignore line: [#include <...> search starts here:]
  ignore line: [ /opt/anaconda3/envs/altar/include]
  ignore line: [ /opt/anaconda3/envs/altar/bin/../include/c++/v1]
  ignore line: [ /opt/anaconda3/envs/altar/lib/clang/9.0.1/include]
  ignore line: [ /Applications/Xcode.app/Contents/Developer/Platforms/MacOSX.platform/Developer/SDKs/MacOSX10.15.sdk/usr/include]
  ignore line: [ /Applications/Xcode.app/Contents/Developer/Platforms/MacOSX.platform/Developer/SDKs/MacOSX10.15.sdk/System/Library/Frameworks (framework directory)]
  ignore line: [End of search list.]
  ignore line: [Linking CXX executable cmTC_22be3]
  ignore line: [/opt/anaconda3/envs/altar/bin/cmake -E cmake_link_script CMakeFiles/cmTC_22be3.dir/link.txt --verbose=1]
  ignore line: [/opt/anaconda3/envs/altar/bin/x86_64-apple-darwin13.4.0-clang++  -march=core2 -mtune=haswell -mssse3 -ftree-vectorize -fPIC -fPIE -fstack-protector-strong -O2 -pipe -stdlib=libc++ -fvisibility-inlines-hidden -std=c++14 -fmessage-length=0 -isystem /opt/anaconda3/envs/altar/include  -isysroot /Applications/Xcode.app/Contents/Developer/Platforms/MacOSX.platform/Developer/SDKs/MacOSX10.15.sdk -mmacosx-version-min=10.14 -Wl -search_paths_first -Wl -headerpad_max_install_names -Wl -rpath /opt/anaconda3/envs/altar/lib -L/opt/anaconda3/envs/altar/lib -v -Wl -v CMakeFiles/cmTC_22be3.dir/CMakeCXXCompilerABI.cpp.o  -o cmTC_22be3 ]
  ignore line: [clang version 9.0.1 ]
  ignore line: [Target: x86_64-apple-darwin13.4.0]
  ignore line: [Thread model: posix]
  ignore line: [InstalledDir: /opt/anaconda3/envs/altar/bin]
  link line: [ "/opt/anaconda3/envs/altar/bin/x86_64-apple-darwin13.4.0-ld" -demangle -lto_library /opt/anaconda3/envs/altar/lib/libLTO.9.dylib -dynamic -arch x86_64 -macosx_version_min 10.14.0 -pie -syslibroot /Library/Developer/CommandLineTools/SDKs/MacOSX.sdk -o cmTC_22be3 -L/opt/anaconda3/envs/altar/lib -search_paths_first -headerpad_max_install_names -rpath /opt/anaconda3/envs/altar/lib -v CMakeFiles/cmTC_22be3.dir/CMakeCXXCompilerABI.cpp.o -lc++ -lSystem /opt/anaconda3/envs/altar/lib/clang/9.0.1/lib/darwin/libclang_rt.osx.a]
    arg [/opt/anaconda3/envs/altar/bin/x86_64-apple-darwin13.4.0-ld] ==> ignore
    arg [-demangle] ==> ignore
    arg [-lto_library] ==> ignore, skip following value
    arg [/opt/anaconda3/envs/altar/lib/libLTO.9.dylib] ==> skip value of -lto_library
    arg [-dynamic] ==> ignore
    arg [-arch] ==> ignore
    arg [x86_64] ==> ignore
    arg [-macosx_version_min] ==> ignore
    arg [10.14.0] ==> ignore
    arg [-pie] ==> ignore
    arg [-syslibroot] ==> ignore
    arg [/Library/Developer/CommandLineTools/SDKs/MacOSX.sdk] ==> ignore
    arg [-o] ==> ignore
    arg [cmTC_22be3] ==> ignore
    arg [-L/opt/anaconda3/envs/altar/lib] ==> dir [/opt/anaconda3/envs/altar/lib]
    arg [-search_paths_first] ==> ignore
    arg [-headerpad_max_install_names] ==> ignore
    arg [-rpath] ==> ignore
    arg [/opt/anaconda3/envs/altar/lib] ==> ignore
    arg [-v] ==> ignore
    arg [CMakeFiles/cmTC_22be3.dir/CMakeCXXCompilerABI.cpp.o] ==> ignore
    arg [-lc++] ==> lib [c++]
    arg [-lSystem] ==> lib [System]
    arg [/opt/anaconda3/envs/altar/lib/clang/9.0.1/lib/darwin/libclang_rt.osx.a] ==> lib [/opt/anaconda3/envs/altar/lib/clang/9.0.1/lib/darwin/libclang_rt.osx.a]
  Library search paths: [;/opt/anaconda3/envs/altar/lib;/opt/anaconda3/envs/altar/lib;/Library/Developer/CommandLineTools/SDKs/MacOSX.sdk/usr/lib]
  Framework search paths: [;/Library/Developer/CommandLineTools/SDKs/MacOSX.sdk/System/Library/Frameworks/]
  remove lib [System]
  remove lib [/opt/anaconda3/envs/altar/lib/clang/9.0.1/lib/darwin/libclang_rt.osx.a]
  collapse library dir [/opt/anaconda3/envs/altar/lib] ==> [/opt/anaconda3/envs/altar/lib]
  collapse library dir [/opt/anaconda3/envs/altar/lib] ==> [/opt/anaconda3/envs/altar/lib]
  collapse library dir [/opt/anaconda3/envs/altar/lib] ==> [/opt/anaconda3/envs/altar/lib]
  collapse library dir [/Library/Developer/CommandLineTools/SDKs/MacOSX.sdk/usr/lib] ==> [/Library/Developer/CommandLineTools/SDKs/MacOSX.sdk/usr/lib]
  collapse framework dir [/Library/Developer/CommandLineTools/SDKs/MacOSX.sdk/System/Library/Frameworks/] ==> [/Library/Developer/CommandLineTools/SDKs/MacOSX.sdk/System/Library/Frameworks]
  implicit libs: [c++]
  implicit dirs: [/opt/anaconda3/envs/altar/lib;/Library/Developer/CommandLineTools/SDKs/MacOSX.sdk/usr/lib]
  implicit fwks: [/Library/Developer/CommandLineTools/SDKs/MacOSX.sdk/System/Library/Frameworks]


